<?xml version="1.0" encoding="UTF-8"?>
<testng-results ignored="0" total="1" passed="1" failed="0" skipped="0">
  <reporter-output>
  </reporter-output>
  <suite started-at="2024-07-29T00:38:04 IST" name="Default suite" finished-at="2024-07-29T00:38:19 IST" duration-ms="14531">
    <groups>
    </groups>
    <test started-at="2024-07-29T00:38:04 IST" name="Default test" finished-at="2024-07-29T00:38:19 IST" duration-ms="14531">
      <class name="Projects.WikipediaSearchTest">
        <test-method is-config="true" signature="setUp()[pri:0, instance:Projects.WikipediaSearchTest@32eff876]" started-at="2024-07-29T00:38:04 IST" name="setUp" finished-at="2024-07-29T00:38:07 IST" duration-ms="2321" status="PASS">
          <reporter-output>
          </reporter-output>
        </test-method> <!-- setUp -->
        <test-method signature="testWikipediaSearch()[pri:0, instance:Projects.WikipediaSearchTest@32eff876]" started-at="2024-07-29T00:38:07 IST" name="testWikipediaSearch" finished-at="2024-07-29T00:38:18 IST" duration-ms="11916" status="PASS">
          <reporter-output>
          </reporter-output>
        </test-method> <!-- testWikipediaSearch -->
        <test-method is-config="true" signature="tearDown()[pri:0, instance:Projects.WikipediaSearchTest@32eff876]" started-at="2024-07-29T00:38:18 IST" name="tearDown" finished-at="2024-07-29T00:38:19 IST" duration-ms="268" status="PASS">
          <reporter-output>
          </reporter-output>
        </test-method> <!-- tearDown -->
      </class> <!-- Projects.WikipediaSearchTest -->
    </test> <!-- Default test -->
  </suite> <!-- Default suite -->
</testng-results>
